<?xml version="1.0" encoding="UTF-8"?>
<!-- Generated by org.testng.reporters.JUnitXMLReporter -->
<testsuite ignored="0" hostname="LAPTOP-CJ1P4A3I" failures="1" tests="2" name="Test" time="79.452" errors="0" timestamp="2022-02-14T08:12:26 IST">
  <testcase classname="TestScripts.SnapChatStories" name="demo" time="35.398">
    <failure type="java.lang.AssertionError" message="The following asserts failed:
	expected [Ashna Kishore] but found [Sruishty Mann]">
      <![CDATA[java.lang.AssertionError: The following asserts failed:
expected [Ashna Kishore] but found [Sruishty Mann]
at com.POM.StoriesPage.assertions(StoriesPage.java:208)
at TestScripts.SnapChatStories.demo(SnapChatStories.java:46)
at java.base/java.util.ArrayList.forEach(ArrayList.java:1511)
... Removed 29 stack frames]]>
    </failure>
  </testcase> <!-- demo -->
  <testcase classname="TestScripts.SnapChatSpotlight" name="demo" time="15.871"/>
</testsuite> <!-- Test -->
